Key.shift
A
d
n
a
n
s
a
m
i
r
 
d
k
l
a
d
f
n
a
d
f
 
l
a
k
s
d
j
f
Key.cmd
Key.shift
S
Key.ctrl
Key.shift
S
Key.ctrl
a
i
n
t
s
e
[BACKSPACE]
[BACKSPACE]
[BACKSPACE]
s
t
e
d
 
o
f
 
t
y
p
i
n
g
 
l
i
k
e
 
t
h
i
s
 
t
y
p
e
 
i
n
 
t
h
i
s
 
f
o
r
m
a
t
[BACKSPACE]
[BACKSPACE]
[BACKSPACE]
[BACKSPACE]
[BACKSPACE]
[BACKSPACE]
[BACKSPACE]
[BACKSPACE]
[BACKSPACE]
[BACKSPACE]
[BACKSPACE]
[BACKSPACE]
[BACKSPACE]
[BACKSPACE]
l
i
n
e
 
b
y
 
l
i
n
e
 
l
i
k
e
 
e
a
c
h
 
l
i
[BACKSPACE]
[BACKSPACE]
[BACKSPACE]
[BACKSPACE]
[BACKSPACE]
[BACKSPACE]
[BACKSPACE]
[BACKSPACE]
[BACKSPACE]
[BACKSPACE]
[BACKSPACE]
[BACKSPACE]
[BACKSPACE]
[BACKSPACE]
[BACKSPACE]
[BACKSPACE]
[BACKSPACE]
[BACKSPACE]
[BACKSPACE]
[BACKSPACE]
[BACKSPACE]
[BACKSPACE]
[BACKSPACE]
[BACKSPACE]
[BACKSPACE]
i
n
 
s
i
d
e
w
a
y
s
Key.shift_r
[ENTER]
Key.ctrl
v
[ENTER]
Key.ctrlokl thanks asdfk everyoneKey.shift_r
lasdfjKey.shift_r
hkljalksdjfkjkKey.ctrlaKey.caps_lockKey.caps_lock[BACKSPACE]how create a simple [BACKSPACE][BACKSPACE][BACKSPACE][BACKSPACE][BACKSPACE][BACKSPACE][BACKSPACE]ui with hacking feel fo[BACKSPACE][BACKSPACE]in ser server ccreate a[BACKSPACE][BACKSPACE][BACKSPACE][BACKSPACE][BACKSPACE][BACKSPACE][BACKSPACE][BACKSPACE]reate a dashboard with listing the [BACKSPACE][BACKSPACE][BACKSPACE][BACKSPACE][BACKSPACE][BACKSPACE][BACKSPACE][BACKSPACE][BACKSPACE][BACKSPACE][BACKSPACE][BACKSPACE]showing the conti[BACKSPACE]ent from keys.log into the ui and i want to improve the script to find out which pc is which one for that can you make the server take pc name that i will put[BACKSPACE]t [BACKSPACE][BACKSPACE][BACKSPACE][BACKSPACE]h[BACKSPACE]write in th [BACKSPACE]e script file like for now write Key.shiftKey.shiftAdn[BACKSPACE][BACKSPACE][BACKSPACE]Key.shiftKey.shiftYoyomama as pc name in the script i will letter change that and with that name it will create ew file in [BACKSPACE]sted of putting keys.log and on the ui in browser t[BACKSPACE]it will show all the files in left w[BACKSPACE]side whe i click on it it will show the logs in browser with real [BACKSPACE]time uplo[BACKSPACE][BACKSPACE]date if anything happes[BACKSPACE][BACKSPACE]n[BACKSPACE]ens. and it will also have a delete button to delete ke[BACKSPACE][BACKSPACE]log files.
